<?xml version="1.0" encoding="utf-8"?><testsuites name="pytest tests"><testsuite name="pytest" errors="0" failures="0" skipped="0" tests="24" time="2.207" timestamp="2026-04-29T14:25:15.084666+00:00" hostname="agent-env-6942d739-2f45-4295-a94f-61ec7a17bd91"><testcase classname="backend.tests.test_kdipl_api.TestLeadCreate" name="test_create_sample_lead" time="0.267" /><testcase classname="backend.tests.test_kdipl_api.TestLeadCreate" name="test_create_quote_lead" time="0.060" /><testcase classname="backend.tests.test_kdipl_api.TestLeadCreate" name="test_create_distributor_lead" time="0.062" /><testcase classname="backend.tests.test_kdipl_api.TestLeadCreate" name="test_missing_required_fields_returns_422" time="0.054" /><testcase classname="backend.tests.test_kdipl_api.TestLeadCreate" name="test_invalid_email_returns_422" time="0.060" /><testcase classname="backend.tests.test_kdipl_api.TestLeadCreate" name="test_invalid_type_returns_422" time="0.054" /><testcase classname="backend.tests.test_kdipl_api.TestLeadCreate" name="test_lead_persists_no_resend_key" time="0.054" /><testcase classname="backend.tests.test_kdipl_api.TestAdminAuth" name="test_login_correct_password" time="0.056" /><testcase classname="backend.tests.test_kdipl_api.TestAdminAuth" name="test_login_wrong_password" time="0.052" /><testcase classname="backend.tests.test_kdipl_api.TestAdminAuth" name="test_verify_no_token" time="0.057" /><testcase classname="backend.tests.test_kdipl_api.TestAdminAuth" name="test_verify_invalid_token" time="0.052" /><testcase classname="backend.tests.test_kdipl_api.TestAdminAuth" name="test_verify_valid_token" time="0.121" /><testcase classname="backend.tests.test_kdipl_api.TestAdminLeads" name="test_list_requires_auth" time="0.052" /><testcase classname="backend.tests.test_kdipl_api.TestAdminLeads" name="test_list_all" time="0.074" /><testcase classname="backend.tests.test_kdipl_api.TestAdminLeads" name="test_filter_by_type_sample" time="0.060" /><testcase classname="backend.tests.test_kdipl_api.TestAdminLeads" name="test_filter_by_status_new" time="0.055" /><testcase classname="backend.tests.test_kdipl_api.TestAdminLeads" name="test_search_query" time="0.057" /><testcase classname="backend.tests.test_kdipl_api.TestAdminLeads" name="test_stats" time="0.055" /><testcase classname="backend.tests.test_kdipl_api.TestAdminLeads" name="test_update_status" time="0.185" /><testcase classname="backend.tests.test_kdipl_api.TestAdminLeads" name="test_update_invalid_status" time="0.063" /><testcase classname="backend.tests.test_kdipl_api.TestAdminLeads" name="test_update_missing_lead" time="0.058" /><testcase classname="backend.tests.test_kdipl_api.TestAdminLeads" name="test_csv_export" time="0.065" /><testcase classname="backend.tests.test_kdipl_api.TestAdminLeads" name="test_delete_lead" time="0.114" /><testcase classname="backend.tests.test_kdipl_api" name="test_zz_cleanup" time="0.345" /></testsuite></testsuites>