<?xml version="1.0" encoding="utf-8"?><testsuites name="pytest tests"><testsuite name="pytest" errors="0" failures="0" skipped="0" tests="35" time="4.716" timestamp="2026-04-29T14:36:56.900299+00:00" hostname="agent-env-6942d739-2f45-4295-a94f-61ec7a17bd91"><testcase classname="backend.tests.test_kdipl_api.TestLeadCreate" name="test_create_sample_lead" time="0.259" /><testcase classname="backend.tests.test_kdipl_api.TestLeadCreate" name="test_create_quote_lead" time="0.056" /><testcase classname="backend.tests.test_kdipl_api.TestLeadCreate" name="test_create_distributor_lead" time="0.076" /><testcase classname="backend.tests.test_kdipl_api.TestLeadCreate" name="test_missing_required_fields_returns_422" time="0.050" /><testcase classname="backend.tests.test_kdipl_api.TestLeadCreate" name="test_invalid_email_returns_422" time="0.056" /><testcase classname="backend.tests.test_kdipl_api.TestLeadCreate" name="test_invalid_type_returns_422" time="0.050" /><testcase classname="backend.tests.test_kdipl_api.TestLeadCreate" name="test_lead_persists_no_resend_key" time="0.056" /><testcase classname="backend.tests.test_kdipl_api.TestAdminAuth" name="test_login_correct_password" time="0.052" /><testcase classname="backend.tests.test_kdipl_api.TestAdminAuth" name="test_login_wrong_password" time="0.099" /><testcase classname="backend.tests.test_kdipl_api.TestAdminAuth" name="test_verify_no_token" time="0.054" /><testcase classname="backend.tests.test_kdipl_api.TestAdminAuth" name="test_verify_invalid_token" time="0.053" /><testcase classname="backend.tests.test_kdipl_api.TestAdminAuth" name="test_verify_valid_token" time="0.098" /><testcase classname="backend.tests.test_kdipl_api.TestAdminLeads" name="test_list_requires_auth" time="0.051" /><testcase classname="backend.tests.test_kdipl_api.TestAdminLeads" name="test_list_all" time="0.048" /><testcase classname="backend.tests.test_kdipl_api.TestAdminLeads" name="test_filter_by_type_sample" time="0.051" /><testcase classname="backend.tests.test_kdipl_api.TestAdminLeads" name="test_filter_by_status_new" time="0.050" /><testcase classname="backend.tests.test_kdipl_api.TestAdminLeads" name="test_search_query" time="0.063" /><testcase classname="backend.tests.test_kdipl_api.TestAdminLeads" name="test_stats" time="0.051" /><testcase classname="backend.tests.test_kdipl_api.TestAdminLeads" name="test_update_status" time="0.160" /><testcase classname="backend.tests.test_kdipl_api.TestAdminLeads" name="test_update_invalid_status" time="0.052" /><testcase classname="backend.tests.test_kdipl_api.TestAdminLeads" name="test_update_missing_lead" time="0.050" /><testcase classname="backend.tests.test_kdipl_api.TestAdminLeads" name="test_csv_export" time="0.054" /><testcase classname="backend.tests.test_kdipl_api.TestAdminLeads" name="test_delete_lead" time="0.097" /><testcase classname="backend.tests.test_kdipl_api.TestComparisonLeads" name="test_create_comparison_no_file" time="0.124" /><testcase classname="backend.tests.test_kdipl_api.TestComparisonLeads" name="test_create_comparison_with_pdf_file" time="0.130" /><testcase classname="backend.tests.test_kdipl_api.TestComparisonLeads" name="test_create_comparison_disallowed_extension" time="0.178" /><testcase classname="backend.tests.test_kdipl_api.TestComparisonLeads" name="test_create_comparison_oversize_file" time="0.936" /><testcase classname="backend.tests.test_kdipl_api.TestComparisonLeads" name="test_create_comparison_missing_required" time="0.113" /><testcase classname="backend.tests.test_kdipl_api.TestComparisonLeads" name="test_admin_download_file" time="0.113" /><testcase classname="backend.tests.test_kdipl_api.TestComparisonLeads" name="test_admin_download_file_requires_auth" time="0.112" /><testcase classname="backend.tests.test_kdipl_api.TestComparisonLeads" name="test_admin_download_unknown_lead_404" time="0.296" /><testcase classname="backend.tests.test_kdipl_api.TestComparisonLeads" name="test_admin_download_lead_without_file_404" time="0.303" /><testcase classname="backend.tests.test_kdipl_api.TestComparisonLeads" name="test_stats_includes_comparison" time="0.135" /><testcase classname="backend.tests.test_kdipl_api.TestComparisonLeads" name="test_csv_includes_new_fields" time="0.106" /><testcase classname="backend.tests.test_kdipl_api" name="test_zz_cleanup" time="0.355" /></testsuite></testsuites>